<?xml version="1.0" encoding="UTF-8"?>
<!-- Generated by org.testng.reporters.JUnitReportReporter -->
<testsuite skipped="0" hostname="PC-20190629BJGW" name="test.DataDriverTest" tests="2" failures="0" timestamp="27 九月 2019 13:00:43 GMT" time="0.011" errors="0">
  <testcase name="loginTest" time="0.010" classname="test.DataDriverTest"/>
  <testcase name="loginTest" time="0.001" classname="test.DataDriverTest"/>
</testsuite> <!-- test.DataDriverTest -->
