<?xml version="1.0" encoding="UTF-8"?>
<!-- Generated by org.testng.reporters.JUnitReportReporter -->
<testsuite skipped="0" hostname="PC-20190629BJGW" name="test.NewTest" tests="1" failures="0" timestamp="30 八月 2019 13:52:59 GMT" time="9.671" errors="0">
  <testcase name="getAttriButeTest" time="9.671" classname="test.NewTest"/>
</testsuite> <!-- test.NewTest -->
