<?xml version="1.0" encoding="UTF-8"?>
<!-- Generated by org.testng.reporters.JUnitReportReporter -->
<testsuite skipped="0" hostname="PC-20190629BJGW" name="test01.DataDriverTest" tests="2" failures="0" timestamp="13 十月 2019 13:53:14 GMT" time="0.011" errors="0">
  <testcase name="loginTest" time="0.009" classname="test01.DataDriverTest"/>
  <testcase name="loginTest" time="0.002" classname="test01.DataDriverTest"/>
</testsuite> <!-- test01.DataDriverTest -->
