<?xml version="1.0" encoding="UTF-8"?>
<!-- Generated by org.testng.reporters.JUnitReportReporter -->
<testsuite skipped="0" hostname="PC-20190629BJGW" name="test.JsTest" tests="1" failures="0" timestamp="23 九月 2019 15:25:38 GMT" time="19.626" errors="0">
  <testcase name="loginTest" time="19.626" classname="test.JsTest"/>
</testsuite> <!-- test.JsTest -->
