<?xml version="1.0" encoding="UTF-8"?>
<!-- Generated by org.testng.reporters.JUnitReportReporter -->
<testsuite skipped="0" hostname="PC-20190629BJGW" name="test.AutoTest" tests="1" failures="0" timestamp="01 九月 2019 14:00:48 GMT" time="13.344" errors="0">
  <testcase name="sendEmail" time="13.344" classname="test.AutoTest"/>
</testsuite> <!-- test.AutoTest -->
