<?xml version="1.0" encoding="UTF-8"?>
<!-- Generated by org.testng.reporters.JUnitReportReporter -->
<testsuite skipped="0" hostname="PC-20190629BJGW" name="test.FindElementsTest" tests="1" failures="0" timestamp="31 八月 2019 07:57:22 GMT" time="3.787" errors="0">
  <testcase name="byXpath02" time="3.787" classname="test.FindElementsTest"/>
</testsuite> <!-- test.FindElementsTest -->
